{
  "RSpec": {
    "coverage": {
      "/Users/alirezaandersen/turing/module4/week5/ThoughtBox-h/app/helpers/application_helper.rb": [
        1,
        null
      ],
      "/Users/alirezaandersen/turing/module4/week5/ThoughtBox-h/app/helpers/links_helper.rb": [
        1,
        null
      ],
      "/Users/alirezaandersen/turing/module4/week5/ThoughtBox-h/app/helpers/sessions_helper.rb": [
        1,
        null
      ],
      "/Users/alirezaandersen/turing/module4/week5/ThoughtBox-h/app/helpers/users_helper.rb": [
        1,
        null
      ],
      "/Users/alirezaandersen/turing/module4/week5/ThoughtBox-h/app/models/user.rb": [
        1,
        1,
        null,
        1,
        null,
        1,
        1,
        null
      ],
      "/Users/alirezaandersen/turing/module4/week5/ThoughtBox-h/app/controllers/users_controller.rb": [
        1,
        null,
        1,
        4,
        null,
        null,
        1,
        3,
        3,
        1,
        1,
        1,
        null,
        2,
        2,
        null,
        null,
        null,
        1,
        null,
        1,
        3,
        null,
        null
      ],
      "/Users/alirezaandersen/turing/module4/week5/ThoughtBox-h/app/controllers/application_controller.rb": [
        1,
        null,
        null,
        1,
        1,
        null,
        1,
        53,
        null,
        null
      ],
      "/Users/alirezaandersen/turing/module4/week5/ThoughtBox-h/app/controllers/sessions_controller.rb": [
        1,
        null,
        1,
        null,
        null,
        null,
        1,
        3,
        null,
        3,
        3,
        3,
        3,
        null,
        0,
        0,
        null,
        null,
        null,
        1,
        1,
        1,
        1,
        null,
        null,
        null
      ],
      "/Users/alirezaandersen/turing/module4/week5/ThoughtBox-h/app/controllers/links_controller.rb": [
        1,
        1,
        8,
        0,
        null,
        8,
        8,
        null,
        null,
        null,
        1,
        2,
        null,
        2,
        2,
        2,
        null,
        0,
        0,
        null,
        null,
        null,
        1,
        null,
        1,
        2,
        null,
        null
      ],
      "/Users/alirezaandersen/turing/module4/week5/ThoughtBox-h/app/models/link.rb": [
        1,
        1,
        1,
        1,
        1,
        null,
        1,
        2,
        null,
        null
      ],
      "/Users/alirezaandersen/turing/module4/week5/ThoughtBox-h/app/controllers/api/v1/links_controller.rb": [
        0,
        0,
        0,
        0,
        0,
        0,
        0,
        0,
        0,
        0,
        0,
        0,
        0,
        0,
        0,
        0,
        0,
        0,
        0,
        0,
        0,
        0,
        0,
        0,
        0,
        0,
        0,
        0
      ],
      "/Users/alirezaandersen/turing/module4/week5/ThoughtBox-h/app/controllers/api_controller.rb": [
        0,
        0,
        0,
        0
      ]
    },
    "timestamp": 1469499447
  }
}
